Performing C++ SOURCE FILE Test GCC_HAS_STACK_REALIGN failed with the following output:
Change Dir: /home/syj/mpp/CMakeFiles/CMakeTmp

Run Build Command(s):/usr/bin/gmake cmTC_04700/fast 
/usr/bin/gmake -f CMakeFiles/cmTC_04700.dir/build.make CMakeFiles/cmTC_04700.dir/build
gmake[1]: Entering directory '/home/syj/mpp/CMakeFiles/CMakeTmp'
Building CXX object CMakeFiles/cmTC_04700.dir/src.cxx.o
/usr/bin/c++    -DGCC_HAS_STACK_REALIGN   -mstackrealign -o CMakeFiles/cmTC_04700.dir/src.cxx.o -c /home/syj/mpp/CMakeFiles/CMakeTmp/src.cxx
c++: error: unrecognized command line option '-mstackrealign'; did you mean '-mstrict-align'?
gmake[1]: *** [CMakeFiles/cmTC_04700.dir/build.make:66: CMakeFiles/cmTC_04700.dir/src.cxx.o] Error 1
gmake[1]: Leaving directory '/home/syj/mpp/CMakeFiles/CMakeTmp'
gmake: *** [Makefile:121: cmTC_04700/fast] Error 2

Source file was:
int main() { return 0; }
Determining if the pthread_create exist failed with the following output:
Change Dir: /home/syj/mpp/CMakeFiles/CMakeTmp

Run Build Command(s):/usr/bin/gmake cmTC_86455/fast 
/usr/bin/gmake -f CMakeFiles/cmTC_86455.dir/build.make CMakeFiles/cmTC_86455.dir/build
gmake[1]: 进入目录“/home/syj/mpp/CMakeFiles/CMakeTmp”
Building C object CMakeFiles/cmTC_86455.dir/CheckSymbolExists.c.o
/usr/bin/cc    -o CMakeFiles/cmTC_86455.dir/CheckSymbolExists.c.o   -c /home/syj/mpp/CMakeFiles/CMakeTmp/CheckSymbolExists.c
Linking C executable cmTC_86455
/usr/bin/cmake -E cmake_link_script CMakeFiles/cmTC_86455.dir/link.txt --verbose=1
/usr/bin/cc      -rdynamic CMakeFiles/cmTC_86455.dir/CheckSymbolExists.c.o  -o cmTC_86455 
CMakeFiles/cmTC_86455.dir/CheckSymbolExists.c.o：在函数‘main’中：
CheckSymbolExists.c:(.text+0x14)：对‘pthread_create’未定义的引用
CheckSymbolExists.c:(.text+0x18)：对‘pthread_create’未定义的引用
collect2: 错误：ld 返回 1
gmake[1]: *** [CMakeFiles/cmTC_86455.dir/build.make:87：cmTC_86455] 错误 1
gmake[1]: 离开目录“/home/syj/mpp/CMakeFiles/CMakeTmp”
gmake: *** [Makefile:121：cmTC_86455/fast] 错误 2

File /home/syj/mpp/CMakeFiles/CMakeTmp/CheckSymbolExists.c:
/* */
#include <pthread.h>

int main(int argc, char** argv)
{
  (void)argv;
#ifndef pthread_create
  return ((int*)(&pthread_create))[argc];
#else
  (void)argc;
  return 0;
#endif
}

Determining if the function pthread_create exists in the pthreads failed with the following output:
Change Dir: /home/syj/mpp/CMakeFiles/CMakeTmp

Run Build Command(s):/usr/bin/gmake cmTC_22681/fast 
/usr/bin/gmake -f CMakeFiles/cmTC_22681.dir/build.make CMakeFiles/cmTC_22681.dir/build
gmake[1]: 进入目录“/home/syj/mpp/CMakeFiles/CMakeTmp”
Building C object CMakeFiles/cmTC_22681.dir/CheckFunctionExists.c.o
/usr/bin/cc   -DCHECK_FUNCTION_EXISTS=pthread_create   -o CMakeFiles/cmTC_22681.dir/CheckFunctionExists.c.o   -c /usr/share/cmake/Modules/CheckFunctionExists.c
Linking C executable cmTC_22681
/usr/bin/cmake -E cmake_link_script CMakeFiles/cmTC_22681.dir/link.txt --verbose=1
/usr/bin/cc  -DCHECK_FUNCTION_EXISTS=pthread_create    -rdynamic CMakeFiles/cmTC_22681.dir/CheckFunctionExists.c.o  -o cmTC_22681 -lpthreads 
/usr/bin/ld: 找不到 -lpthreads
collect2: 错误：ld 返回 1
gmake[1]: *** [CMakeFiles/cmTC_22681.dir/build.make:87：cmTC_22681] 错误 1
gmake[1]: 离开目录“/home/syj/mpp/CMakeFiles/CMakeTmp”
gmake: *** [Makefile:121：cmTC_22681/fast] 错误 2


